Build started 27-05-2019 03:39:36.
     1>Project "C:\Users\Abhilash\Desktop\Summer Camp\Summer1\Summer1\Summer1.vcxproj" on node 2 (Build target(s)).
     1>ClCompile:
         C:\Program Files (x86)\Microsoft Visual Studio 12.0\VC\bin\CL.exe /c /ZI /nologo /W3 /WX- /sdl /Od /Oy- /D _MBCS /Gm /EHsc /RTC1 /MDd /GS /fp:precise /Zc:wchar_t /Zc:forScope /Fo"Debug\\" /Fd"Debug\vc120.pdb" /Gd /TP /analyze- /errorReport:prompt main.cpp twoColorSort.cpp
         twoColorSort.cpp
         main.cpp
         Generating Code...
       Link:
         C:\Program Files (x86)\Microsoft Visual Studio 12.0\VC\bin\link.exe /ERRORREPORT:PROMPT /OUT:"C:\Users\Abhilash\Desktop\Summer Camp\Summer1\Debug\Summer1.exe" /INCREMENTAL /NOLOGO kernel32.lib user32.lib gdi32.lib winspool.lib comdlg32.lib advapi32.lib shell32.lib ole32.lib oleaut32.lib uuid.lib odbc32.lib odbccp32.lib /MANIFEST /MANIFESTUAC:"level='asInvoker' uiAccess='false'" /manifest:embed /DEBUG /PDB:"C:\Users\Abhilash\Desktop\Summer Camp\Summer1\Debug\Summer1.pdb" /TLBID:1 /DYNAMICBASE /NXCOMPAT /IMPLIB:"C:\Users\Abhilash\Desktop\Summer Camp\Summer1\Debug\Summer1.lib" /MACHINE:X86 Debug\cloneLinkedList.obj
         Debug\cloneLinkedListHash.obj
         Debug\linkDetection.obj
         Debug\linkedListAddition.obj
         Debug\main.obj
         Debug\reverseLinks.obj
         Debug\spiralMatrix.obj
         Debug\stringCompression.obj
         Debug\threeColorSort.obj
         Debug\TransposeMatrix.obj
         Debug\twoColorSort.obj
         Summer1.vcxproj -> C:\Users\Abhilash\Desktop\Summer Camp\Summer1\Debug\Summer1.exe
     1>Done Building Project "C:\Users\Abhilash\Desktop\Summer Camp\Summer1\Summer1\Summer1.vcxproj" (Build target(s)).

Build succeeded.

Time Elapsed 00:00:00.41
