Build started 27-05-2019 19:22:27.
     1>Project "C:\Users\Abhilash\Desktop\Summer Camp\Summer2\Summer2\Summer2.vcxproj" on node 2 (Build target(s)).
     1>ClCompile:
         C:\Program Files (x86)\Microsoft Visual Studio 12.0\VC\bin\CL.exe /c /ZI /nologo /W3 /WX- /sdl /Od /Oy- /D _MBCS /Gm /EHsc /RTC1 /MDd /GS /fp:precise /Zc:wchar_t /Zc:forScope /Fo"Debug\\" /Fd"Debug\vc120.pdb" /Gd /TP /analyze- /errorReport:prompt powerOfNumber.cpp
         powerOfNumber.cpp
       Link:
         C:\Program Files (x86)\Microsoft Visual Studio 12.0\VC\bin\link.exe /ERRORREPORT:PROMPT /OUT:"C:\Users\Abhilash\Desktop\Summer Camp\Summer2\Debug\Summer2.exe" /INCREMENTAL /NOLOGO kernel32.lib user32.lib gdi32.lib winspool.lib comdlg32.lib advapi32.lib shell32.lib ole32.lib oleaut32.lib uuid.lib odbc32.lib odbccp32.lib /MANIFEST /MANIFESTUAC:"level='asInvoker' uiAccess='false'" /manifest:embed /DEBUG /PDB:"C:\Users\Abhilash\Desktop\Summer Camp\Summer2\Debug\Summer2.pdb" /TLBID:1 /DYNAMICBASE /NXCOMPAT /IMPLIB:"C:\Users\Abhilash\Desktop\Summer Camp\Summer2\Debug\Summer2.lib" /MACHINE:X86 Debug\fibnocii.obj
         Debug\Main.obj
         Debug\matrixExponentiation.obj
         Debug\MergeSortDoubleLinkedList.obj
         Debug\mirrorDigits.obj
         Debug\permutations.obj
         Debug\permutationWithRepeatation.obj
         Debug\powerOfNumber.obj
         Debug\printUptoMaxNDigits.obj
         Debug\recursiveSumOfArray.obj
         Debug\stairCase.obj
         Debug\wordOccurenceIn2DArray.obj
         Summer2.vcxproj -> C:\Users\Abhilash\Desktop\Summer Camp\Summer2\Debug\Summer2.exe
     1>Done Building Project "C:\Users\Abhilash\Desktop\Summer Camp\Summer2\Summer2\Summer2.vcxproj" (Build target(s)).

Build succeeded.

Time Elapsed 00:00:00.39
