c:\users\abhilash\desktop\summer camp\summer2\summer2\debug\vc120.pdb
c:\users\abhilash\desktop\summer camp\summer2\summer2\debug\vc120.idb
c:\users\abhilash\desktop\summer camp\summer2\summer2\debug\fibnocii.obj
c:\users\abhilash\desktop\summer camp\summer2\summer2\debug\main.obj
c:\users\abhilash\desktop\summer camp\summer2\summer2\debug\matrixexponentiation.obj
c:\users\abhilash\desktop\summer camp\summer2\summer2\debug\mergesortdoublelinkedlist.obj
c:\users\abhilash\desktop\summer camp\summer2\summer2\debug\mirrordigits.obj
c:\users\abhilash\desktop\summer camp\summer2\summer2\debug\permutations.obj
c:\users\abhilash\desktop\summer camp\summer2\summer2\debug\printuptomaxndigits.obj
c:\users\abhilash\desktop\summer camp\summer2\summer2\debug\recursivesumofarray.obj
c:\users\abhilash\desktop\summer camp\summer2\summer2\debug\staircase.obj
c:\users\abhilash\desktop\summer camp\summer2\summer2\debug\wordoccurencein2darray.obj
c:\users\abhilash\desktop\summer camp\summer2\summer2\debug\permutationwithrepeatation.obj
c:\users\abhilash\desktop\summer camp\summer2\debug\summer2.ilk
c:\users\abhilash\desktop\summer camp\summer2\debug\summer2.exe
c:\users\abhilash\desktop\summer camp\summer2\debug\summer2.pdb
c:\users\abhilash\desktop\summer camp\summer2\summer2\debug\summer2.tlog\cl.command.1.tlog
c:\users\abhilash\desktop\summer camp\summer2\summer2\debug\summer2.tlog\cl.read.1.tlog
c:\users\abhilash\desktop\summer camp\summer2\summer2\debug\summer2.tlog\cl.write.1.tlog
c:\users\abhilash\desktop\summer camp\summer2\summer2\debug\summer2.tlog\link.8304-cvtres.read.1.tlog
c:\users\abhilash\desktop\summer camp\summer2\summer2\debug\summer2.tlog\link.8304-cvtres.write.1.tlog
c:\users\abhilash\desktop\summer camp\summer2\summer2\debug\summer2.tlog\link.8304-rc.read.1.tlog
c:\users\abhilash\desktop\summer camp\summer2\summer2\debug\summer2.tlog\link.8304-rc.write.1.tlog
c:\users\abhilash\desktop\summer camp\summer2\summer2\debug\summer2.tlog\link.8304.read.1.tlog
c:\users\abhilash\desktop\summer camp\summer2\summer2\debug\summer2.tlog\link.8304.write.1.tlog
c:\users\abhilash\desktop\summer camp\summer2\summer2\debug\summer2.tlog\link.command.1.tlog
c:\users\abhilash\desktop\summer camp\summer2\summer2\debug\summer2.tlog\link.read.1.tlog
c:\users\abhilash\desktop\summer camp\summer2\summer2\debug\summer2.tlog\link.write.1.tlog
